
> @microsoft/logic-apps-chatbot@3.2.0 build /Users/travisharris/code/LogicAppsUX/libs/chatbot
> tsup && tsc --emitDeclarationOnly && node ./build-finish.js && node ./build-finish.js

[34mCLI[39m Building entry: src/index.ts
[34mCLI[39m Using tsconfig: tsconfig.json
[34mCLI[39m tsup v8.0.2
[34mCLI[39m Using tsup config: /Users/travisharris/code/LogicAppsUX/libs/chatbot/tsup.config.ts
[34mCLI[39m Target: esnext
[34mCLI[39m Cleaning output folder
[34mCJS[39m Build start
[34mESM[39m Build start
[32mESM[39m [1mbuild/lib/index.css [22m[32m9.45 KB[39m
[32mESM[39m [1mbuild/lib/index.js  [22m[32m58.44 KB[39m
[32mESM[39m ⚡️ Build success in 81ms
[32mCJS[39m [1mbuild/lib/index.css [22m[32m9.45 KB[39m
[32mCJS[39m [1mbuild/lib/index.cjs [22m[32m59.13 KB[39m
[32mCJS[39m ⚡️ Build success in 81ms
(node:13392) ExperimentalWarning: Import assertions are not a stable feature of the JavaScript language. Avoid relying on their current behavior and syntax as those might change in a future version of Node.js.
(Use `node --trace-warnings ...` to show where the warning was created)
(node:13392) ExperimentalWarning: Importing JSON modules is an experimental feature and might change at any time
(node:13393) ExperimentalWarning: Import assertions are not a stable feature of the JavaScript language. Avoid relying on their current behavior and syntax as those might change in a future version of Node.js.
(Use `node --trace-warnings ...` to show where the warning was created)
(node:13393) ExperimentalWarning: Importing JSON modules is an experimental feature and might change at any time
