[NX Daemon Server] - 2023-11-11T22:43:14.762Z - Started listening on: /var/folders/_y/sdlctx2s49x0rfh4btvlkk0h0000gn/T/d8564d2627e263173438/d.sock
[NX Daemon Server] - 2023-11-11T22:43:14.768Z - [WATCHER]: Subscribed to changes within: /Users/travisharris/code/LogicAppsUX (native)
[NX Daemon Server] - 2023-11-11T22:43:14.769Z - Established a connection. Number of open connections: 1
[NX Daemon Server] - 2023-11-11T22:43:14.770Z - Established a connection. Number of open connections: 2
[NX Daemon Server] - 2023-11-11T22:43:14.770Z - Closed a connection. Number of open connections: 1
[NX Daemon Server] - 2023-11-11T22:43:14.771Z - [REQUEST]: Client Request for Project Graph Received
[NX Daemon Server] - 2023-11-11T22:43:15.141Z - [REQUEST]: Updated file-hasher based on watched changes, recomputing project graph...
[NX Daemon Server] - 2023-11-11T22:43:15.141Z - [REQUEST]: 
[NX Daemon Server] - 2023-11-11T22:43:15.141Z - [REQUEST]: 
[NX Daemon Server] - 2023-11-11T22:43:15.394Z - [REQUEST]: Responding to the client. project-graph
[NX Daemon Server] - 2023-11-11T22:43:15.395Z - Time taken for 'total for creating and serializing project graph' 622.3039999604225ms
[NX Daemon Server] - 2023-11-11T22:43:15.396Z - [WATCHER]: 2 file(s) created or restored, 0 file(s) modified, 0 file(s) deleted
[NX Daemon Server] - 2023-11-11T22:43:15.396Z - [WATCHER]: Processing file changes in outputs
[NX Daemon Server] - 2023-11-11T22:43:15.398Z - Done responding to the client project-graph
[NX Daemon Server] - 2023-11-11T22:43:15.398Z - Handled REQUEST_PROJECT_GRAPH. Handling time: 623. Response time: 4.
[NX Daemon Server] - 2023-11-11T22:43:15.453Z - [WATCHER]: Processing file changes in outputs
[NX Daemon Server] - 2023-11-11T22:43:15.454Z - [WATCHER]: 2 file(s) created or restored, 0 file(s) modified, 2 file(s) deleted
[NX Daemon Server] - 2023-11-11T22:43:15.512Z - [REQUEST]: Updated file-hasher based on watched changes, recomputing project graph...
[NX Daemon Server] - 2023-11-11T22:43:15.512Z - [REQUEST]: .nx/cache/parsed-lock-file.json,.nx/cache/lockfile.hash,.nx/cache/file-map.json,.nx/cache/project-graph.json
[NX Daemon Server] - 2023-11-11T22:43:15.512Z - [REQUEST]: .nx/cache/project-graph.json~15c413e2,.nx/cache/file-map.json~15c413e2
[NX Daemon Server] - 2023-11-11T22:43:15.541Z - Time taken for 'hash changed files from watcher' 3.2854170203208923ms
[NX Daemon Server] - 2023-11-11T22:43:15.600Z - [WATCHER]: 2 file(s) created or restored, 0 file(s) modified, 2 file(s) deleted
[NX Daemon Server] - 2023-11-11T22:43:15.601Z - [WATCHER]: Processing file changes in outputs
[NX Daemon Server] - 2023-11-11T22:43:15.716Z - [REQUEST]: Updated file-hasher based on watched changes, recomputing project graph...
[NX Daemon Server] - 2023-11-11T22:43:15.716Z - [REQUEST]: .nx/cache/file-map.json,.nx/cache/project-graph.json
[NX Daemon Server] - 2023-11-11T22:43:15.716Z - [REQUEST]: .nx/cache/file-map.json~8e090c90,.nx/cache/project-graph.json~8e090c90
[NX Daemon Server] - 2023-11-11T22:43:15.743Z - Time taken for 'hash changed files from watcher' 3.603959023952484ms
[NX Daemon Server] - 2023-11-11T22:43:15.804Z - [WATCHER]: 2 file(s) created or restored, 0 file(s) modified, 2 file(s) deleted
[NX Daemon Server] - 2023-11-11T22:43:15.804Z - [WATCHER]: Processing file changes in outputs
[NX Daemon Server] - 2023-11-11T22:43:15.925Z - [REQUEST]: Updated file-hasher based on watched changes, recomputing project graph...
[NX Daemon Server] - 2023-11-11T22:43:15.925Z - [REQUEST]: .nx/cache/project-graph.json,.nx/cache/file-map.json
[NX Daemon Server] - 2023-11-11T22:43:15.925Z - [REQUEST]: .nx/cache/project-graph.json~3bf9a140,.nx/cache/file-map.json~3bf9a140
[NX Daemon Server] - 2023-11-11T22:43:15.960Z - Time taken for 'hash changed files from watcher' 4.008500039577484ms
[NX Daemon Server] - 2023-11-11T22:43:15.960Z - Closed a connection. Number of open connections: 0
[NX Daemon Server] - 2023-11-11T22:43:16.007Z - [WATCHER]: Processing file changes in outputs
[NX Daemon Server] - 2023-11-11T22:43:16.008Z - [WATCHER]: 2 file(s) created or restored, 0 file(s) modified, 2 file(s) deleted
[NX Daemon Server] - 2023-11-11T22:43:16.124Z - [REQUEST]: Updated file-hasher based on watched changes, recomputing project graph...
[NX Daemon Server] - 2023-11-11T22:43:16.124Z - [REQUEST]: .nx/cache/file-map.json,.nx/cache/project-graph.json
[NX Daemon Server] - 2023-11-11T22:43:16.125Z - [REQUEST]: .nx/cache/project-graph.json~a1c8f228,.nx/cache/file-map.json~a1c8f228
[NX Daemon Server] - 2023-11-11T22:43:16.151Z - Time taken for 'hash changed files from watcher' 4.697624981403351ms
[NX Daemon Server] - 2023-11-11T22:43:16.211Z - [WATCHER]: 2 file(s) created or restored, 0 file(s) modified, 2 file(s) deleted
[NX Daemon Server] - 2023-11-11T22:43:16.211Z - [WATCHER]: Processing file changes in outputs
[NX Daemon Server] - 2023-11-11T22:43:16.357Z - [REQUEST]: Updated file-hasher based on watched changes, recomputing project graph...
[NX Daemon Server] - 2023-11-11T22:43:16.357Z - [REQUEST]: .nx/cache/file-map.json,.nx/cache/project-graph.json
[NX Daemon Server] - 2023-11-11T22:43:16.357Z - [REQUEST]: .nx/cache/project-graph.json~f4b4e0dd,.nx/cache/file-map.json~f4b4e0dd
[NX Daemon Server] - 2023-11-11T22:43:16.391Z - Time taken for 'hash changed files from watcher' 24.10570800304413ms
[NX Daemon Server] - 2023-11-11T22:43:16.452Z - [WATCHER]: 2 file(s) created or restored, 0 file(s) modified, 2 file(s) deleted
[NX Daemon Server] - 2023-11-11T22:43:16.452Z - [WATCHER]: Processing file changes in outputs
[NX Daemon Server] - 2023-11-11T22:43:16.596Z - [REQUEST]: Updated file-hasher based on watched changes, recomputing project graph...
[NX Daemon Server] - 2023-11-11T22:43:16.596Z - [REQUEST]: .nx/cache/project-graph.json,.nx/cache/file-map.json
[NX Daemon Server] - 2023-11-11T22:43:16.596Z - [REQUEST]: .nx/cache/file-map.json~6f7a0274,.nx/cache/project-graph.json~6f7a0274
[NX Daemon Server] - 2023-11-11T22:43:16.631Z - Time taken for 'hash changed files from watcher' 22.592290997505188ms
[NX Daemon Server] - 2023-11-11T22:43:16.690Z - [WATCHER]: Processing file changes in outputs
[NX Daemon Server] - 2023-11-11T22:43:16.691Z - [WATCHER]: 2 file(s) created or restored, 0 file(s) modified, 2 file(s) deleted
[NX Daemon Server] - 2023-11-11T22:43:16.838Z - [REQUEST]: Updated file-hasher based on watched changes, recomputing project graph...
[NX Daemon Server] - 2023-11-11T22:43:16.838Z - [REQUEST]: .nx/cache/project-graph.json,.nx/cache/file-map.json
[NX Daemon Server] - 2023-11-11T22:43:16.838Z - [REQUEST]: .nx/cache/project-graph.json~e449beff,.nx/cache/file-map.json~e449beff
[NX Daemon Server] - 2023-11-11T22:43:16.871Z - Time taken for 'hash changed files from watcher' 24.447542011737823ms
[NX Daemon Server] - 2023-11-11T22:43:16.932Z - [WATCHER]: 2 file(s) created or restored, 0 file(s) modified, 2 file(s) deleted
[NX Daemon Server] - 2023-11-11T22:43:16.932Z - [WATCHER]: Processing file changes in outputs
[NX Daemon Server] - 2023-11-11T22:43:17.066Z - [REQUEST]: Updated file-hasher based on watched changes, recomputing project graph...
[NX Daemon Server] - 2023-11-11T22:43:17.066Z - [REQUEST]: .nx/cache/file-map.json,.nx/cache/project-graph.json
[NX Daemon Server] - 2023-11-11T22:43:17.066Z - [REQUEST]: .nx/cache/file-map.json~58c3efa7,.nx/cache/project-graph.json~58c3efa7
[NX Daemon Server] - 2023-11-11T22:43:17.100Z - Time taken for 'hash changed files from watcher' 10.800249993801117ms
[NX Daemon Server] - 2023-11-11T22:43:17.159Z - [WATCHER]: 2 file(s) created or restored, 0 file(s) modified, 2 file(s) deleted
[NX Daemon Server] - 2023-11-11T22:43:17.160Z - [WATCHER]: Processing file changes in outputs
[NX Daemon Server] - 2023-11-11T22:43:17.292Z - [REQUEST]: Updated file-hasher based on watched changes, recomputing project graph...
[NX Daemon Server] - 2023-11-11T22:43:17.292Z - [REQUEST]: .nx/cache/project-graph.json,.nx/cache/file-map.json
[NX Daemon Server] - 2023-11-11T22:43:17.292Z - [REQUEST]: .nx/cache/project-graph.json~2b70b72f,.nx/cache/file-map.json~2b70b72f
[NX Daemon Server] - 2023-11-11T22:43:17.326Z - Time taken for 'hash changed files from watcher' 10.3299999833107ms
[NX Daemon Server] - 2023-11-11T22:43:17.385Z - [WATCHER]: 2 file(s) created or restored, 0 file(s) modified, 2 file(s) deleted
[NX Daemon Server] - 2023-11-11T22:43:17.385Z - [WATCHER]: Processing file changes in outputs
[NX Daemon Server] - 2023-11-11T22:43:17.514Z - [REQUEST]: Updated file-hasher based on watched changes, recomputing project graph...
[NX Daemon Server] - 2023-11-11T22:43:17.514Z - [REQUEST]: .nx/cache/project-graph.json,.nx/cache/file-map.json
[NX Daemon Server] - 2023-11-11T22:43:17.514Z - [REQUEST]: .nx/cache/file-map.json~97db0fc8,.nx/cache/project-graph.json~97db0fc8
[NX Daemon Server] - 2023-11-11T22:43:17.550Z - Time taken for 'hash changed files from watcher' 9.217124998569489ms
[NX Daemon Server] - 2023-11-11T22:43:17.608Z - [WATCHER]: Processing file changes in outputs
[NX Daemon Server] - 2023-11-11T22:43:17.609Z - [WATCHER]: 2 file(s) created or restored, 0 file(s) modified, 2 file(s) deleted
[NX Daemon Server] - 2023-11-11T22:43:17.743Z - [REQUEST]: Updated file-hasher based on watched changes, recomputing project graph...
[NX Daemon Server] - 2023-11-11T22:43:17.743Z - [REQUEST]: .nx/cache/project-graph.json,.nx/cache/file-map.json
[NX Daemon Server] - 2023-11-11T22:43:17.743Z - [REQUEST]: .nx/cache/project-graph.json~b470f411,.nx/cache/file-map.json~b470f411
[NX Daemon Server] - 2023-11-11T22:43:17.778Z - Time taken for 'hash changed files from watcher' 16.335375010967255ms
[NX Daemon Server] - 2023-11-11T22:43:17.838Z - [WATCHER]: 2 file(s) created or restored, 0 file(s) modified, 2 file(s) deleted
[NX Daemon Server] - 2023-11-11T22:43:17.838Z - [WATCHER]: Processing file changes in outputs
[NX Daemon Server] - 2023-11-11T22:43:17.973Z - [REQUEST]: Updated file-hasher based on watched changes, recomputing project graph...
[NX Daemon Server] - 2023-11-11T22:43:17.973Z - [REQUEST]: .nx/cache/file-map.json,.nx/cache/project-graph.json
[NX Daemon Server] - 2023-11-11T22:43:17.973Z - [REQUEST]: .nx/cache/file-map.json~491240d5,.nx/cache/project-graph.json~491240d5
[NX Daemon Server] - 2023-11-11T22:43:18.008Z - Time taken for 'hash changed files from watcher' 13.36491596698761ms
[NX Daemon Server] - 2023-11-11T22:43:18.069Z - [WATCHER]: 2 file(s) created or restored, 0 file(s) modified, 2 file(s) deleted
[NX Daemon Server] - 2023-11-11T22:43:18.069Z - [WATCHER]: Processing file changes in outputs
[NX Daemon Server] - 2023-11-11T22:43:18.198Z - [REQUEST]: Updated file-hasher based on watched changes, recomputing project graph...
[NX Daemon Server] - 2023-11-11T22:43:18.198Z - [REQUEST]: .nx/cache/file-map.json,.nx/cache/project-graph.json
[NX Daemon Server] - 2023-11-11T22:43:18.198Z - [REQUEST]: .nx/cache/project-graph.json~0668a3f6,.nx/cache/file-map.json~0668a3f6
[NX Daemon Server] - 2023-11-11T22:43:18.232Z - Time taken for 'hash changed files from watcher' 9.890250027179718ms
[NX Daemon Server] - 2023-11-11T22:43:18.292Z - [WATCHER]: 2 file(s) created or restored, 0 file(s) modified, 2 file(s) deleted
[NX Daemon Server] - 2023-11-11T22:43:18.293Z - [WATCHER]: Processing file changes in outputs
[NX Daemon Server] - 2023-11-11T22:43:18.426Z - [REQUEST]: Updated file-hasher based on watched changes, recomputing project graph...
[NX Daemon Server] - 2023-11-11T22:43:18.426Z - [REQUEST]: .nx/cache/file-map.json,.nx/cache/project-graph.json
[NX Daemon Server] - 2023-11-11T22:43:18.426Z - [REQUEST]: .nx/cache/file-map.json~7eae3463,.nx/cache/project-graph.json~7eae3463
[NX Daemon Server] - 2023-11-11T22:43:18.459Z - Time taken for 'hash changed files from watcher' 12.090083003044128ms
[NX Daemon Server] - 2023-11-11T22:43:18.519Z - [WATCHER]: Processing file changes in outputs
[NX Daemon Server] - 2023-11-11T22:43:18.520Z - [WATCHER]: 2 file(s) created or restored, 0 file(s) modified, 2 file(s) deleted
[NX Daemon Server] - 2023-11-11T22:43:18.652Z - [REQUEST]: Updated file-hasher based on watched changes, recomputing project graph...
[NX Daemon Server] - 2023-11-11T22:43:18.652Z - [REQUEST]: .nx/cache/project-graph.json,.nx/cache/file-map.json
[NX Daemon Server] - 2023-11-11T22:43:18.652Z - [REQUEST]: .nx/cache/project-graph.json~54d7ce58,.nx/cache/file-map.json~54d7ce58
[NX Daemon Server] - 2023-11-11T22:43:18.686Z - Time taken for 'hash changed files from watcher' 12.40183401107788ms
[NX Daemon Server] - 2023-11-11T22:43:18.747Z - [WATCHER]: 2 file(s) created or restored, 0 file(s) modified, 2 file(s) deleted
[NX Daemon Server] - 2023-11-11T22:43:18.747Z - [WATCHER]: Processing file changes in outputs
[NX Daemon Server] - 2023-11-11T22:43:18.890Z - [REQUEST]: Updated file-hasher based on watched changes, recomputing project graph...
[NX Daemon Server] - 2023-11-11T22:43:18.890Z - [REQUEST]: .nx/cache/project-graph.json,.nx/cache/file-map.json
[NX Daemon Server] - 2023-11-11T22:43:18.890Z - [REQUEST]: .nx/cache/file-map.json~a95e8706,.nx/cache/project-graph.json~a95e8706
[NX Daemon Server] - 2023-11-11T22:43:18.922Z - Time taken for 'hash changed files from watcher' 21.01008403301239ms
[NX Daemon Server] - 2023-11-11T22:43:18.981Z - [WATCHER]: Processing file changes in outputs
[NX Daemon Server] - 2023-11-11T22:43:18.982Z - [WATCHER]: 2 file(s) created or restored, 0 file(s) modified, 2 file(s) deleted
[NX Daemon Server] - 2023-11-11T22:43:19.110Z - [REQUEST]: Updated file-hasher based on watched changes, recomputing project graph...
[NX Daemon Server] - 2023-11-11T22:43:19.110Z - [REQUEST]: .nx/cache/project-graph.json,.nx/cache/file-map.json
[NX Daemon Server] - 2023-11-11T22:43:19.110Z - [REQUEST]: .nx/cache/file-map.json~930286dd,.nx/cache/project-graph.json~930286dd
[NX Daemon Server] - 2023-11-11T22:43:19.145Z - Time taken for 'hash changed files from watcher' 9.161334037780762ms
[NX Daemon Server] - 2023-11-11T22:43:19.206Z - [WATCHER]: 2 file(s) created or restored, 0 file(s) modified, 2 file(s) deleted
[NX Daemon Server] - 2023-11-11T22:43:19.206Z - [WATCHER]: Processing file changes in outputs
[NX Daemon Server] - 2023-11-11T22:43:19.343Z - [REQUEST]: Updated file-hasher based on watched changes, recomputing project graph...
[NX Daemon Server] - 2023-11-11T22:43:19.343Z - [REQUEST]: .nx/cache/file-map.json,.nx/cache/project-graph.json
[NX Daemon Server] - 2023-11-11T22:43:19.343Z - [REQUEST]: .nx/cache/file-map.json~b171e116,.nx/cache/project-graph.json~b171e116
[NX Daemon Server] - 2023-11-11T22:43:19.378Z - Time taken for 'hash changed files from watcher' 15.265708029270172ms
[NX Daemon Server] - 2023-11-11T22:43:19.437Z - [WATCHER]: Processing file changes in outputs
[NX Daemon Server] - 2023-11-11T22:43:19.438Z - [WATCHER]: 2 file(s) created or restored, 0 file(s) modified, 2 file(s) deleted
[NX Daemon Server] - 2023-11-11T22:43:19.574Z - [REQUEST]: Updated file-hasher based on watched changes, recomputing project graph...
[NX Daemon Server] - 2023-11-11T22:43:19.574Z - [REQUEST]: .nx/cache/file-map.json,.nx/cache/project-graph.json
[NX Daemon Server] - 2023-11-11T22:43:19.574Z - [REQUEST]: .nx/cache/project-graph.json~dc0f31fc,.nx/cache/file-map.json~dc0f31fc
[NX Daemon Server] - 2023-11-11T22:43:19.607Z - Time taken for 'hash changed files from watcher' 16.587457954883575ms
[NX Daemon Server] - 2023-11-11T22:43:19.668Z - [WATCHER]: 2 file(s) created or restored, 0 file(s) modified, 2 file(s) deleted
[NX Daemon Server] - 2023-11-11T22:43:19.668Z - [WATCHER]: Processing file changes in outputs
[NX Daemon Server] - 2023-11-11T22:43:19.797Z - [REQUEST]: Updated file-hasher based on watched changes, recomputing project graph...
[NX Daemon Server] - 2023-11-11T22:43:19.797Z - [REQUEST]: .nx/cache/project-graph.json,.nx/cache/file-map.json
[NX Daemon Server] - 2023-11-11T22:43:19.797Z - [REQUEST]: .nx/cache/file-map.json~6b66620c,.nx/cache/project-graph.json~6b66620c
[NX Daemon Server] - 2023-11-11T22:43:19.831Z - Time taken for 'hash changed files from watcher' 9.563374996185303ms
[NX Daemon Server] - 2023-11-11T22:43:19.891Z - [WATCHER]: 2 file(s) created or restored, 0 file(s) modified, 2 file(s) deleted
[NX Daemon Server] - 2023-11-11T22:43:19.891Z - [WATCHER]: Processing file changes in outputs
[NX Daemon Server] - 2023-11-11T22:43:20.035Z - [REQUEST]: Updated file-hasher based on watched changes, recomputing project graph...
[NX Daemon Server] - 2023-11-11T22:43:20.035Z - [REQUEST]: .nx/cache/project-graph.json,.nx/cache/file-map.json
[NX Daemon Server] - 2023-11-11T22:43:20.035Z - [REQUEST]: .nx/cache/file-map.json~cc3ed0f6,.nx/cache/project-graph.json~cc3ed0f6
[NX Daemon Server] - 2023-11-11T22:43:20.068Z - Time taken for 'hash changed files from watcher' 21.457249999046326ms
[NX Daemon Server] - 2023-11-11T22:43:20.128Z - [WATCHER]: 2 file(s) created or restored, 0 file(s) modified, 2 file(s) deleted
[NX Daemon Server] - 2023-11-11T22:43:20.128Z - [WATCHER]: Processing file changes in outputs
[NX Daemon Server] - 2023-11-11T22:43:20.269Z - [REQUEST]: Updated file-hasher based on watched changes, recomputing project graph...
[NX Daemon Server] - 2023-11-11T22:43:20.269Z - [REQUEST]: .nx/cache/project-graph.json,.nx/cache/file-map.json
[NX Daemon Server] - 2023-11-11T22:43:20.269Z - [REQUEST]: .nx/cache/project-graph.json~c599bec5,.nx/cache/file-map.json~c599bec5
[NX Daemon Server] - 2023-11-11T22:43:20.303Z - Time taken for 'hash changed files from watcher' 18.753250002861023ms
[NX Daemon Server] - 2023-11-11T22:43:20.363Z - [WATCHER]: 2 file(s) created or restored, 0 file(s) modified, 2 file(s) deleted
[NX Daemon Server] - 2023-11-11T22:43:20.363Z - [WATCHER]: Processing file changes in outputs
[NX Daemon Server] - 2023-11-11T22:43:20.501Z - [REQUEST]: Updated file-hasher based on watched changes, recomputing project graph...
[NX Daemon Server] - 2023-11-11T22:43:20.502Z - [REQUEST]: .nx/cache/project-graph.json,.nx/cache/file-map.json
[NX Daemon Server] - 2023-11-11T22:43:20.502Z - [REQUEST]: .nx/cache/project-graph.json~36ed2e7e,.nx/cache/file-map.json~36ed2e7e
[NX Daemon Server] - 2023-11-11T22:43:20.536Z - Time taken for 'hash changed files from watcher' 19.665625035762787ms
[NX Daemon Server] - 2023-11-11T22:43:20.597Z - [WATCHER]: 2 file(s) created or restored, 0 file(s) modified, 2 file(s) deleted
[NX Daemon Server] - 2023-11-11T22:43:20.597Z - [WATCHER]: Processing file changes in outputs
[NX Daemon Server] - 2023-11-11T22:43:20.732Z - [REQUEST]: Updated file-hasher based on watched changes, recomputing project graph...
[NX Daemon Server] - 2023-11-11T22:43:20.732Z - [REQUEST]: .nx/cache/project-graph.json,.nx/cache/file-map.json
[NX Daemon Server] - 2023-11-11T22:43:20.732Z - [REQUEST]: .nx/cache/project-graph.json~8e4ad4fa,.nx/cache/file-map.json~8e4ad4fa
[NX Daemon Server] - 2023-11-11T22:43:20.766Z - Time taken for 'hash changed files from watcher' 14.206250011920929ms
[NX Daemon Server] - 2023-11-11T22:43:20.827Z - [WATCHER]: 2 file(s) created or restored, 0 file(s) modified, 2 file(s) deleted
[NX Daemon Server] - 2023-11-11T22:43:20.827Z - [WATCHER]: Processing file changes in outputs
[NX Daemon Server] - 2023-11-11T22:43:20.959Z - [REQUEST]: Updated file-hasher based on watched changes, recomputing project graph...
[NX Daemon Server] - 2023-11-11T22:43:20.959Z - [REQUEST]: .nx/cache/project-graph.json,.nx/cache/file-map.json
[NX Daemon Server] - 2023-11-11T22:43:20.959Z - [REQUEST]: .nx/cache/file-map.json~b494f818,.nx/cache/project-graph.json~b494f818
[NX Daemon Server] - 2023-11-11T22:43:20.993Z - Time taken for 'hash changed files from watcher' 11.791875004768372ms
[NX Daemon Server] - 2023-11-11T22:43:21.052Z - [WATCHER]: 2 file(s) created or restored, 0 file(s) modified, 2 file(s) deleted
[NX Daemon Server] - 2023-11-11T22:43:21.053Z - [WATCHER]: Processing file changes in outputs
[NX Daemon Server] - 2023-11-11T22:43:21.194Z - [REQUEST]: Updated file-hasher based on watched changes, recomputing project graph...
[NX Daemon Server] - 2023-11-11T22:43:21.194Z - [REQUEST]: .nx/cache/file-map.json,.nx/cache/project-graph.json
[NX Daemon Server] - 2023-11-11T22:43:21.194Z - [REQUEST]: .nx/cache/project-graph.json~e29be5b0,.nx/cache/file-map.json~e29be5b0
[NX Daemon Server] - 2023-11-11T22:43:21.227Z - Time taken for 'hash changed files from watcher' 19.24670797586441ms
[NX Daemon Server] - 2023-11-11T22:43:21.288Z - [WATCHER]: 2 file(s) created or restored, 0 file(s) modified, 2 file(s) deleted
[NX Daemon Server] - 2023-11-11T22:43:21.288Z - [WATCHER]: Processing file changes in outputs
[NX Daemon Server] - 2023-11-11T22:43:21.436Z - [REQUEST]: Updated file-hasher based on watched changes, recomputing project graph...
[NX Daemon Server] - 2023-11-11T22:43:21.436Z - [REQUEST]: .nx/cache/project-graph.json,.nx/cache/file-map.json
[NX Daemon Server] - 2023-11-11T22:43:21.436Z - [REQUEST]: .nx/cache/project-graph.json~c2caa529,.nx/cache/file-map.json~c2caa529
[NX Daemon Server] - 2023-11-11T22:43:21.472Z - Time taken for 'hash changed files from watcher' 26.624167025089264ms
[NX Daemon Server] - 2023-11-11T22:43:21.531Z - [WATCHER]: 2 file(s) created or restored, 0 file(s) modified, 2 file(s) deleted
[NX Daemon Server] - 2023-11-11T22:43:21.532Z - [WATCHER]: Processing file changes in outputs
[NX Daemon Server] - 2023-11-11T22:43:21.672Z - [REQUEST]: Updated file-hasher based on watched changes, recomputing project graph...
[NX Daemon Server] - 2023-11-11T22:43:21.672Z - [REQUEST]: .nx/cache/file-map.json,.nx/cache/project-graph.json
[NX Daemon Server] - 2023-11-11T22:43:21.672Z - [REQUEST]: .nx/cache/project-graph.json~c673a3cc,.nx/cache/file-map.json~c673a3cc
[NX Daemon Server] - 2023-11-11T22:43:21.704Z - Time taken for 'hash changed files from watcher' 17.914624989032745ms
[NX Daemon Server] - 2023-11-11T22:43:21.765Z - [WATCHER]: 2 file(s) created or restored, 0 file(s) modified, 2 file(s) deleted
[NX Daemon Server] - 2023-11-11T22:43:21.765Z - [WATCHER]: Processing file changes in outputs
[NX Daemon Server] - 2023-11-11T22:43:21.910Z - [REQUEST]: Updated file-hasher based on watched changes, recomputing project graph...
[NX Daemon Server] - 2023-11-11T22:43:21.910Z - [REQUEST]: .nx/cache/project-graph.json,.nx/cache/file-map.json
[NX Daemon Server] - 2023-11-11T22:43:21.910Z - [REQUEST]: .nx/cache/file-map.json~1f9af236,.nx/cache/project-graph.json~1f9af236
[NX Daemon Server] - 2023-11-11T22:43:21.945Z - Time taken for 'hash changed files from watcher' 27.56029200553894ms
[NX Daemon Server] - 2023-11-11T22:43:22.007Z - [WATCHER]: 2 file(s) created or restored, 0 file(s) modified, 2 file(s) deleted
[NX Daemon Server] - 2023-11-11T22:43:22.007Z - [WATCHER]: Processing file changes in outputs
[NX Daemon Server] - 2023-11-11T22:43:22.143Z - [REQUEST]: Updated file-hasher based on watched changes, recomputing project graph...
[NX Daemon Server] - 2023-11-11T22:43:22.143Z - [REQUEST]: .nx/cache/project-graph.json,.nx/cache/file-map.json
[NX Daemon Server] - 2023-11-11T22:43:22.143Z - [REQUEST]: .nx/cache/project-graph.json~a89224e2,.nx/cache/file-map.json~a89224e2
[NX Daemon Server] - 2023-11-11T22:43:22.177Z - Time taken for 'hash changed files from watcher' 15.355833053588867ms
[NX Daemon Server] - 2023-11-11T22:43:22.238Z - [WATCHER]: 2 file(s) created or restored, 0 file(s) modified, 2 file(s) deleted
[NX Daemon Server] - 2023-11-11T22:43:22.238Z - [WATCHER]: Processing file changes in outputs
[NX Daemon Server] - 2023-11-11T22:43:22.367Z - [REQUEST]: Updated file-hasher based on watched changes, recomputing project graph...
[NX Daemon Server] - 2023-11-11T22:43:22.367Z - [REQUEST]: .nx/cache/file-map.json,.nx/cache/project-graph.json
[NX Daemon Server] - 2023-11-11T22:43:22.367Z - [REQUEST]: .nx/cache/project-graph.json~b4beb807,.nx/cache/file-map.json~b4beb807
[NX Daemon Server] - 2023-11-11T22:43:22.399Z - Time taken for 'hash changed files from watcher' 10.268540978431702ms
[NX Daemon Server] - 2023-11-11T22:43:22.459Z - [WATCHER]: 2 file(s) created or restored, 0 file(s) modified, 2 file(s) deleted
[NX Daemon Server] - 2023-11-11T22:43:22.460Z - [WATCHER]: Processing file changes in outputs
[NX Daemon Server] - 2023-11-11T22:43:22.588Z - [REQUEST]: Updated file-hasher based on watched changes, recomputing project graph...
[NX Daemon Server] - 2023-11-11T22:43:22.588Z - [REQUEST]: .nx/cache/project-graph.json,.nx/cache/file-map.json
[NX Daemon Server] - 2023-11-11T22:43:22.588Z - [REQUEST]: .nx/cache/file-map.json~67aedef7,.nx/cache/project-graph.json~67aedef7
[NX Daemon Server] - 2023-11-11T22:43:22.620Z - Time taken for 'hash changed files from watcher' 10.718208014965057ms
[NX Daemon Server] - 2023-11-11T22:43:22.679Z - [WATCHER]: Processing file changes in outputs
[NX Daemon Server] - 2023-11-11T22:43:22.679Z - [WATCHER]: 2 file(s) created or restored, 0 file(s) modified, 2 file(s) deleted
[NX Daemon Server] - 2023-11-11T22:43:22.796Z - [REQUEST]: Updated file-hasher based on watched changes, recomputing project graph...
[NX Daemon Server] - 2023-11-11T22:43:22.796Z - [REQUEST]: .nx/cache/project-graph.json,.nx/cache/file-map.json
[NX Daemon Server] - 2023-11-11T22:43:22.796Z - [REQUEST]: .nx/cache/project-graph.json~161f758a,.nx/cache/file-map.json~161f758a
[NX Daemon Server] - 2023-11-11T22:43:22.824Z - Time taken for 'hash changed files from watcher' 5.781458020210266ms
[NX Daemon Server] - 2023-11-11T22:43:22.884Z - [WATCHER]: Processing file changes in outputs
[NX Daemon Server] - 2023-11-11T22:43:22.885Z - [WATCHER]: 2 file(s) created or restored, 0 file(s) modified, 2 file(s) deleted
[NX Daemon Server] - 2023-11-11T22:43:23.024Z - [REQUEST]: Updated file-hasher based on watched changes, recomputing project graph...
[NX Daemon Server] - 2023-11-11T22:43:23.024Z - [REQUEST]: .nx/cache/project-graph.json,.nx/cache/file-map.json
[NX Daemon Server] - 2023-11-11T22:43:23.024Z - [REQUEST]: .nx/cache/project-graph.json~928763c6,.nx/cache/file-map.json~928763c6
[NX Daemon Server] - 2023-11-11T22:43:23.056Z - Time taken for 'hash changed files from watcher' 29.099500000476837ms
[NX Daemon Server] - 2023-11-11T22:43:23.116Z - [WATCHER]: 2 file(s) created or restored, 0 file(s) modified, 2 file(s) deleted
[NX Daemon Server] - 2023-11-11T22:43:23.116Z - [WATCHER]: Processing file changes in outputs
[NX Daemon Server] - 2023-11-11T22:43:23.246Z - [REQUEST]: Updated file-hasher based on watched changes, recomputing project graph...
[NX Daemon Server] - 2023-11-11T22:43:23.246Z - [REQUEST]: .nx/cache/file-map.json,.nx/cache/project-graph.json
[NX Daemon Server] - 2023-11-11T22:43:23.246Z - [REQUEST]: .nx/cache/project-graph.json~7348fbef,.nx/cache/file-map.json~7348fbef
[NX Daemon Server] - 2023-11-11T22:43:23.276Z - Time taken for 'hash changed files from watcher' 10.132208049297333ms
[NX Daemon Server] - 2023-11-11T22:43:23.328Z - [WATCHER]: 2 file(s) created or restored, 0 file(s) modified, 2 file(s) deleted
[NX Daemon Server] - 2023-11-11T22:43:23.328Z - [WATCHER]: Processing file changes in outputs
[NX Daemon Server] - 2023-11-11T22:43:23.447Z - [REQUEST]: Updated file-hasher based on watched changes, recomputing project graph...
[NX Daemon Server] - 2023-11-11T22:43:23.447Z - [REQUEST]: .nx/cache/project-graph.json,.nx/cache/file-map.json
[NX Daemon Server] - 2023-11-11T22:43:23.447Z - [REQUEST]: .nx/cache/file-map.json~bdad9cb8,.nx/cache/project-graph.json~bdad9cb8
[NX Daemon Server] - 2023-11-11T22:43:23.474Z - Time taken for 'hash changed files from watcher' 5.128874957561493ms
[NX Daemon Server] - 2023-11-11T22:43:23.534Z - [WATCHER]: Processing file changes in outputs
[NX Daemon Server] - 2023-11-11T22:43:23.535Z - [WATCHER]: 2 file(s) created or restored, 0 file(s) modified, 2 file(s) deleted
[NX Daemon Server] - 2023-11-11T22:43:23.654Z - [REQUEST]: Updated file-hasher based on watched changes, recomputing project graph...
[NX Daemon Server] - 2023-11-11T22:43:23.654Z - [REQUEST]: .nx/cache/project-graph.json,.nx/cache/file-map.json
[NX Daemon Server] - 2023-11-11T22:43:23.654Z - [REQUEST]: .nx/cache/project-graph.json~814f6a9f,.nx/cache/file-map.json~814f6a9f
[NX Daemon Server] - 2023-11-11T22:43:23.688Z - Time taken for 'hash changed files from watcher' 4.592042028903961ms
[NX Daemon Server] - 2023-11-11T22:43:23.747Z - [WATCHER]: Processing file changes in outputs
[NX Daemon Server] - 2023-11-11T22:43:23.747Z - [WATCHER]: 2 file(s) created or restored, 0 file(s) modified, 2 file(s) deleted
[NX Daemon Server] - 2023-11-11T22:43:23.862Z - [REQUEST]: Updated file-hasher based on watched changes, recomputing project graph...
[NX Daemon Server] - 2023-11-11T22:43:23.862Z - [REQUEST]: .nx/cache/file-map.json,.nx/cache/project-graph.json
[NX Daemon Server] - 2023-11-11T22:43:23.862Z - [REQUEST]: .nx/cache/project-graph.json~074dc677,.nx/cache/file-map.json~074dc677
[NX Daemon Server] - 2023-11-11T22:43:23.892Z - Time taken for 'hash changed files from watcher' 3.479584038257599ms
[NX Daemon Server] - 2023-11-11T22:43:23.952Z - [WATCHER]: Processing file changes in outputs
[NX Daemon Server] - 2023-11-11T22:43:23.952Z - [WATCHER]: 2 file(s) created or restored, 0 file(s) modified, 2 file(s) deleted
[NX Daemon Server] - 2023-11-11T22:43:24.070Z - [REQUEST]: Updated file-hasher based on watched changes, recomputing project graph...
[NX Daemon Server] - 2023-11-11T22:43:24.070Z - [REQUEST]: .nx/cache/project-graph.json,.nx/cache/file-map.json
[NX Daemon Server] - 2023-11-11T22:43:24.070Z - [REQUEST]: .nx/cache/file-map.json~4af86999,.nx/cache/project-graph.json~4af86999
[NX Daemon Server] - 2023-11-11T22:43:24.099Z - Time taken for 'hash changed files from watcher' 5.435208022594452ms
[NX Daemon Server] - 2023-11-11T22:43:24.160Z - [WATCHER]: 2 file(s) created or restored, 0 file(s) modified, 2 file(s) deleted
[NX Daemon Server] - 2023-11-11T22:43:24.160Z - [WATCHER]: Processing file changes in outputs
[NX Daemon Server] - 2023-11-11T22:43:24.279Z - [REQUEST]: Updated file-hasher based on watched changes, recomputing project graph...
[NX Daemon Server] - 2023-11-11T22:43:24.279Z - [REQUEST]: .nx/cache/file-map.json,.nx/cache/project-graph.json
[NX Daemon Server] - 2023-11-11T22:43:24.279Z - [REQUEST]: .nx/cache/project-graph.json~a52065d1,.nx/cache/file-map.json~a52065d1
[NX Daemon Server] - 2023-11-11T22:43:24.313Z - Time taken for 'hash changed files from watcher' 5.021750032901764ms
[NX Daemon Server] - 2023-11-11T22:43:24.373Z - [WATCHER]: 2 file(s) created or restored, 0 file(s) modified, 2 file(s) deleted
[NX Daemon Server] - 2023-11-11T22:43:24.373Z - [WATCHER]: Processing file changes in outputs
[NX Daemon Server] - 2023-11-11T22:43:24.487Z - [REQUEST]: Updated file-hasher based on watched changes, recomputing project graph...
[NX Daemon Server] - 2023-11-11T22:43:24.487Z - [REQUEST]: .nx/cache/file-map.json,.nx/cache/project-graph.json
[NX Daemon Server] - 2023-11-11T22:43:24.487Z - [REQUEST]: .nx/cache/project-graph.json~822ebedb,.nx/cache/file-map.json~822ebedb
[NX Daemon Server] - 2023-11-11T22:43:24.523Z - Time taken for 'hash changed files from watcher' 3.5151660442352295ms
[NX Daemon Server] - 2023-11-11T22:43:24.572Z - [WATCHER]: 2 file(s) created or restored, 0 file(s) modified, 2 file(s) deleted
[NX Daemon Server] - 2023-11-11T22:43:24.572Z - [WATCHER]: Processing file changes in outputs
[NX Daemon Server] - 2023-11-11T22:43:24.687Z - [REQUEST]: Updated file-hasher based on watched changes, recomputing project graph...
[NX Daemon Server] - 2023-11-11T22:43:24.688Z - [REQUEST]: .nx/cache/project-graph.json,.nx/cache/file-map.json
[NX Daemon Server] - 2023-11-11T22:43:24.688Z - [REQUEST]: .nx/cache/file-map.json~e9cfdd9d,.nx/cache/project-graph.json~e9cfdd9d
[NX Daemon Server] - 2023-11-11T22:43:24.713Z - Time taken for 'hash changed files from watcher' 4.696458995342255ms
[NX Daemon Server] - 2023-11-11T22:43:24.774Z - [WATCHER]: 2 file(s) created or restored, 0 file(s) modified, 2 file(s) deleted
[NX Daemon Server] - 2023-11-11T22:43:24.774Z - [WATCHER]: Processing file changes in outputs
[NX Daemon Server] - 2023-11-11T22:43:24.891Z - [REQUEST]: Updated file-hasher based on watched changes, recomputing project graph...
[NX Daemon Server] - 2023-11-11T22:43:24.891Z - [REQUEST]: .nx/cache/file-map.json,.nx/cache/project-graph.json
[NX Daemon Server] - 2023-11-11T22:43:24.891Z - [REQUEST]: .nx/cache/file-map.json~51f65e74,.nx/cache/project-graph.json~51f65e74
[NX Daemon Server] - 2023-11-11T22:43:24.915Z - Time taken for 'hash changed files from watcher' 4.98137503862381ms
[NX Daemon Server] - 2023-11-11T22:43:24.974Z - [WATCHER]: Processing file changes in outputs
[NX Daemon Server] - 2023-11-11T22:43:24.975Z - [WATCHER]: 2 file(s) created or restored, 0 file(s) modified, 2 file(s) deleted
[NX Daemon Server] - 2023-11-11T22:43:25.093Z - [REQUEST]: Updated file-hasher based on watched changes, recomputing project graph...
[NX Daemon Server] - 2023-11-11T22:43:25.093Z - [REQUEST]: .nx/cache/project-graph.json,.nx/cache/file-map.json
[NX Daemon Server] - 2023-11-11T22:43:25.093Z - [REQUEST]: .nx/cache/project-graph.json~6c36f1a8,.nx/cache/file-map.json~6c36f1a8
[NX Daemon Server] - 2023-11-11T22:43:25.118Z - Time taken for 'hash changed files from watcher' 5.141791999340057ms
[NX Daemon Server] - 2023-11-11T22:43:25.179Z - [WATCHER]: 2 file(s) created or restored, 0 file(s) modified, 2 file(s) deleted
[NX Daemon Server] - 2023-11-11T22:43:25.179Z - [WATCHER]: Processing file changes in outputs
[NX Daemon Server] - 2023-11-11T22:43:25.293Z - [REQUEST]: Updated file-hasher based on watched changes, recomputing project graph...
[NX Daemon Server] - 2023-11-11T22:43:25.293Z - [REQUEST]: .nx/cache/project-graph.json,.nx/cache/file-map.json
[NX Daemon Server] - 2023-11-11T22:43:25.293Z - [REQUEST]: .nx/cache/file-map.json~0083007a,.nx/cache/project-graph.json~0083007a
[NX Daemon Server] - 2023-11-11T22:43:25.317Z - Time taken for 'hash changed files from watcher' 3.986167013645172ms
[NX Daemon Server] - 2023-11-11T22:43:25.378Z - [WATCHER]: 2 file(s) created or restored, 0 file(s) modified, 2 file(s) deleted
[NX Daemon Server] - 2023-11-11T22:43:25.378Z - [WATCHER]: Processing file changes in outputs
[NX Daemon Server] - 2023-11-11T22:43:25.505Z - [REQUEST]: Updated file-hasher based on watched changes, recomputing project graph...
[NX Daemon Server] - 2023-11-11T22:43:25.505Z - [REQUEST]: .nx/cache/file-map.json,.nx/cache/project-graph.json
[NX Daemon Server] - 2023-11-11T22:43:25.505Z - [REQUEST]: .nx/cache/file-map.json~2e16da85,.nx/cache/project-graph.json~2e16da85
[NX Daemon Server] - 2023-11-11T22:43:25.528Z - Time taken for 'hash changed files from watcher' 17.445041954517365ms
[NX Daemon Server] - 2023-11-11T22:43:25.590Z - [WATCHER]: 2 file(s) created or restored, 0 file(s) modified, 2 file(s) deleted
[NX Daemon Server] - 2023-11-11T22:43:25.590Z - [WATCHER]: Processing file changes in outputs
[NX Daemon Server] - 2023-11-11T22:43:25.708Z - [REQUEST]: Updated file-hasher based on watched changes, recomputing project graph...
[NX Daemon Server] - 2023-11-11T22:43:25.708Z - [REQUEST]: .nx/cache/project-graph.json,.nx/cache/file-map.json
[NX Daemon Server] - 2023-11-11T22:43:25.708Z - [REQUEST]: .nx/cache/file-map.json~a5a99516,.nx/cache/project-graph.json~a5a99516
[NX Daemon Server] - 2023-11-11T22:43:25.734Z - Time taken for 'hash changed files from watcher' 8.104750037193298ms
[NX Daemon Server] - 2023-11-11T22:43:25.794Z - [WATCHER]: 2 file(s) created or restored, 0 file(s) modified, 2 file(s) deleted
[NX Daemon Server] - 2023-11-11T22:43:25.794Z - [WATCHER]: Processing file changes in outputs
[NX Daemon Server] - 2023-11-11T22:43:25.911Z - [REQUEST]: Updated file-hasher based on watched changes, recomputing project graph...
[NX Daemon Server] - 2023-11-11T22:43:25.911Z - [REQUEST]: .nx/cache/file-map.json,.nx/cache/project-graph.json
[NX Daemon Server] - 2023-11-11T22:43:25.911Z - [REQUEST]: .nx/cache/project-graph.json~80e8a416,.nx/cache/file-map.json~80e8a416
[NX Daemon Server] - 2023-11-11T22:43:25.936Z - Time taken for 'hash changed files from watcher' 3.8779579997062683ms
[NX Daemon Server] - 2023-11-11T22:43:25.996Z - [WATCHER]: Processing file changes in outputs
[NX Daemon Server] - 2023-11-11T22:43:25.996Z - [WATCHER]: 2 file(s) created or restored, 0 file(s) modified, 2 file(s) deleted
[NX Daemon Server] - 2023-11-11T22:43:26.118Z - [REQUEST]: Updated file-hasher based on watched changes, recomputing project graph...
[NX Daemon Server] - 2023-11-11T22:43:26.118Z - [REQUEST]: .nx/cache/project-graph.json,.nx/cache/file-map.json
[NX Daemon Server] - 2023-11-11T22:43:26.118Z - [REQUEST]: .nx/cache/file-map.json~c64761c6,.nx/cache/project-graph.json~c64761c6
[NX Daemon Server] - 2023-11-11T22:43:26.148Z - Time taken for 'hash changed files from watcher' 5.172541975975037ms
[NX Daemon Server] - 2023-11-11T22:43:26.208Z - [WATCHER]: 2 file(s) created or restored, 0 file(s) modified, 2 file(s) deleted
[NX Daemon Server] - 2023-11-11T22:43:26.208Z - [WATCHER]: Processing file changes in outputs
[NX Daemon Server] - 2023-11-11T22:43:26.326Z - [REQUEST]: Updated file-hasher based on watched changes, recomputing project graph...
[NX Daemon Server] - 2023-11-11T22:43:26.326Z - [REQUEST]: .nx/cache/project-graph.json,.nx/cache/file-map.json
[NX Daemon Server] - 2023-11-11T22:43:26.326Z - [REQUEST]: .nx/cache/project-graph.json~c303cb0b,.nx/cache/file-map.json~c303cb0b
[NX Daemon Server] - 2023-11-11T22:43:26.352Z - Time taken for 'hash changed files from watcher' 3.8012920022010803ms
[NX Daemon Server] - 2023-11-11T22:43:26.413Z - [WATCHER]: 2 file(s) created or restored, 0 file(s) modified, 2 file(s) deleted
[NX Daemon Server] - 2023-11-11T22:43:26.413Z - [WATCHER]: Processing file changes in outputs
[NX Daemon Server] - 2023-11-11T22:43:26.529Z - [REQUEST]: Updated file-hasher based on watched changes, recomputing project graph...
[NX Daemon Server] - 2023-11-11T22:43:26.529Z - [REQUEST]: .nx/cache/file-map.json,.nx/cache/project-graph.json
[NX Daemon Server] - 2023-11-11T22:43:26.529Z - [REQUEST]: .nx/cache/file-map.json~9fe5a935,.nx/cache/project-graph.json~9fe5a935
[NX Daemon Server] - 2023-11-11T22:43:26.556Z - Time taken for 'hash changed files from watcher' 3.22537499666214ms
[NX Daemon Server] - 2023-11-11T22:43:26.616Z - [WATCHER]: 2 file(s) created or restored, 0 file(s) modified, 2 file(s) deleted
[NX Daemon Server] - 2023-11-11T22:43:26.616Z - [WATCHER]: Processing file changes in outputs
[NX Daemon Server] - 2023-11-11T22:43:26.731Z - [REQUEST]: Updated file-hasher based on watched changes, recomputing project graph...
[NX Daemon Server] - 2023-11-11T22:43:26.731Z - [REQUEST]: .nx/cache/file-map.json,.nx/cache/project-graph.json
[NX Daemon Server] - 2023-11-11T22:43:26.731Z - [REQUEST]: .nx/cache/project-graph.json~c9fd8f2a,.nx/cache/file-map.json~c9fd8f2a
[NX Daemon Server] - 2023-11-11T22:43:26.758Z - Time taken for 'hash changed files from watcher' 3.253624975681305ms
[NX Daemon Server] - 2023-11-11T22:43:26.818Z - [WATCHER]: Processing file changes in outputs
[NX Daemon Server] - 2023-11-11T22:43:26.819Z - [WATCHER]: 2 file(s) created or restored, 0 file(s) modified, 2 file(s) deleted
[NX Daemon Server] - 2023-11-11T22:43:26.939Z - [REQUEST]: Updated file-hasher based on watched changes, recomputing project graph...
[NX Daemon Server] - 2023-11-11T22:43:26.939Z - [REQUEST]: .nx/cache/project-graph.json,.nx/cache/file-map.json
[NX Daemon Server] - 2023-11-11T22:43:26.939Z - [REQUEST]: .nx/cache/file-map.json~008bf6ad,.nx/cache/project-graph.json~008bf6ad
[NX Daemon Server] - 2023-11-11T22:43:26.964Z - Time taken for 'hash changed files from watcher' 3.6125839948654175ms
[NX Daemon Server] - 2023-11-11T22:43:27.025Z - [WATCHER]: 2 file(s) created or restored, 0 file(s) modified, 2 file(s) deleted
[NX Daemon Server] - 2023-11-11T22:43:27.025Z - [WATCHER]: Processing file changes in outputs
[NX Daemon Server] - 2023-11-11T22:43:27.145Z - [REQUEST]: Updated file-hasher based on watched changes, recomputing project graph...
[NX Daemon Server] - 2023-11-11T22:43:27.145Z - [REQUEST]: .nx/cache/file-map.json,.nx/cache/project-graph.json
[NX Daemon Server] - 2023-11-11T22:43:27.145Z - [REQUEST]: .nx/cache/file-map.json~dc54942a,.nx/cache/project-graph.json~dc54942a
[NX Daemon Server] - 2023-11-11T22:43:27.172Z - Time taken for 'hash changed files from watcher' 4.49779200553894ms
[NX Daemon Server] - 2023-11-11T22:43:27.233Z - [WATCHER]: 2 file(s) created or restored, 0 file(s) modified, 2 file(s) deleted
[NX Daemon Server] - 2023-11-11T22:43:27.233Z - [WATCHER]: Processing file changes in outputs
[NX Daemon Server] - 2023-11-11T22:43:27.352Z - [REQUEST]: Updated file-hasher based on watched changes, recomputing project graph...
[NX Daemon Server] - 2023-11-11T22:43:27.352Z - [REQUEST]: .nx/cache/file-map.json,.nx/cache/project-graph.json
[NX Daemon Server] - 2023-11-11T22:43:27.352Z - [REQUEST]: .nx/cache/file-map.json~429f1b3c,.nx/cache/project-graph.json~429f1b3c
[NX Daemon Server] - 2023-11-11T22:43:27.377Z - Time taken for 'hash changed files from watcher' 9.73987501859665ms
[NX Daemon Server] - 2023-11-11T22:43:27.436Z - [WATCHER]: 2 file(s) created or restored, 0 file(s) modified, 2 file(s) deleted
[NX Daemon Server] - 2023-11-11T22:43:27.436Z - [WATCHER]: Processing file changes in outputs
[NX Daemon Server] - 2023-11-11T22:43:27.552Z - [REQUEST]: Updated file-hasher based on watched changes, recomputing project graph...
[NX Daemon Server] - 2023-11-11T22:43:27.552Z - [REQUEST]: .nx/cache/project-graph.json,.nx/cache/file-map.json
[NX Daemon Server] - 2023-11-11T22:43:27.552Z - [REQUEST]: .nx/cache/project-graph.json~161fa511,.nx/cache/file-map.json~161fa511
[NX Daemon Server] - 2023-11-11T22:43:27.578Z - Time taken for 'hash changed files from watcher' 3.6714999675750732ms
[NX Daemon Server] - 2023-11-11T22:43:27.637Z - [WATCHER]: Processing file changes in outputs
[NX Daemon Server] - 2023-11-11T22:43:27.638Z - [WATCHER]: 2 file(s) created or restored, 0 file(s) modified, 2 file(s) deleted
[NX Daemon Server] - 2023-11-11T22:43:27.755Z - [REQUEST]: Updated file-hasher based on watched changes, recomputing project graph...
[NX Daemon Server] - 2023-11-11T22:43:27.755Z - [REQUEST]: .nx/cache/project-graph.json,.nx/cache/file-map.json
[NX Daemon Server] - 2023-11-11T22:43:27.755Z - [REQUEST]: .nx/cache/project-graph.json~65e24862,.nx/cache/file-map.json~65e24862
[NX Daemon Server] - 2023-11-11T22:43:27.785Z - Time taken for 'hash changed files from watcher' 4.509874999523163ms
[NX Daemon Server] - 2023-11-11T22:43:27.845Z - [WATCHER]: Processing file changes in outputs
[NX Daemon Server] - 2023-11-11T22:43:27.846Z - [WATCHER]: 2 file(s) created or restored, 0 file(s) modified, 2 file(s) deleted
[NX Daemon Server] - 2023-11-11T22:43:27.965Z - [REQUEST]: Updated file-hasher based on watched changes, recomputing project graph...
[NX Daemon Server] - 2023-11-11T22:43:27.965Z - [REQUEST]: .nx/cache/project-graph.json,.nx/cache/file-map.json
[NX Daemon Server] - 2023-11-11T22:43:27.965Z - [REQUEST]: .nx/cache/file-map.json~9c5e41df,.nx/cache/project-graph.json~9c5e41df
[NX Daemon Server] - 2023-11-11T22:43:27.991Z - Time taken for 'hash changed files from watcher' 4.061333000659943ms
[NX Daemon Server] - 2023-11-11T22:43:28.051Z - [WATCHER]: 2 file(s) created or restored, 0 file(s) modified, 2 file(s) deleted
[NX Daemon Server] - 2023-11-11T22:43:28.051Z - [WATCHER]: Processing file changes in outputs
[NX Daemon Server] - 2023-11-11T22:43:28.168Z - [REQUEST]: Updated file-hasher based on watched changes, recomputing project graph...
[NX Daemon Server] - 2023-11-11T22:43:28.168Z - [REQUEST]: .nx/cache/project-graph.json,.nx/cache/file-map.json
[NX Daemon Server] - 2023-11-11T22:43:28.168Z - [REQUEST]: .nx/cache/project-graph.json~7327e515,.nx/cache/file-map.json~7327e515
[NX Daemon Server] - 2023-11-11T22:43:28.194Z - Time taken for 'hash changed files from watcher' 3.2202919721603394ms
[NX Daemon Server] - 2023-11-11T22:43:28.253Z - [WATCHER]: 2 file(s) created or restored, 0 file(s) modified, 2 file(s) deleted
[NX Daemon Server] - 2023-11-11T22:43:28.253Z - [WATCHER]: Processing file changes in outputs
[NX Daemon Server] - 2023-11-11T22:43:28.370Z - [REQUEST]: Updated file-hasher based on watched changes, recomputing project graph...
[NX Daemon Server] - 2023-11-11T22:43:28.370Z - [REQUEST]: .nx/cache/project-graph.json,.nx/cache/file-map.json
[NX Daemon Server] - 2023-11-11T22:43:28.370Z - [REQUEST]: .nx/cache/project-graph.json~0406bdc3,.nx/cache/file-map.json~0406bdc3
[NX Daemon Server] - 2023-11-11T22:43:28.398Z - Time taken for 'hash changed files from watcher' 3.380999982357025ms
[NX Daemon Server] - 2023-11-11T22:43:28.455Z - [WATCHER]: 2 file(s) created or restored, 0 file(s) modified, 2 file(s) deleted
[NX Daemon Server] - 2023-11-11T22:43:28.455Z - [WATCHER]: Processing file changes in outputs
[NX Daemon Server] - 2023-11-11T22:43:28.574Z - [REQUEST]: Updated file-hasher based on watched changes, recomputing project graph...
[NX Daemon Server] - 2023-11-11T22:43:28.574Z - [REQUEST]: .nx/cache/project-graph.json,.nx/cache/file-map.json
[NX Daemon Server] - 2023-11-11T22:43:28.574Z - [REQUEST]: .nx/cache/file-map.json~20dc70f9,.nx/cache/project-graph.json~20dc70f9
[NX Daemon Server] - 2023-11-11T22:43:28.614Z - Time taken for 'hash changed files from watcher' 4.358250021934509ms
[NX Daemon Server] - 2023-11-11T22:43:28.626Z - [WATCHER]: Processing file changes in outputs
[NX Daemon Server] - 2023-11-11T22:43:28.660Z - [WATCHER]: Stopping the watcher for /Users/travisharris/code/LogicAppsUX (sources)
[NX Daemon Server] - 2023-11-11T22:43:28.660Z - [WATCHER]: Stopping the watcher for /Users/travisharris/code/LogicAppsUX (outputs)
[NX Daemon Server] - 2023-11-11T22:43:28.660Z - Server stopped because: "Lock file changed"
