Daemon process terminated and closed the connection

Messages from the log:

To fix this, set a unique name for each project in a project.json inside the project's root. If the project does not currently have a project.json, you can create one that contains only a name.
Error: The following projects are defined in multiple locations:
- @microsoft/designer-ui: 
  - libs/designer
  - libs/designer-ui

To fix this, set a unique name for each project in a project.json inside the project's root. If the project does not currently have a project.json, you can create one that contains only a name.
    at readProjectConfigurationsFromRootMap (/Users/travisharris/code/LogicAppsUX/node_modules/.pnpm/nx@18.1.3/node_modules/nx/src/project-graph/utils/project-configuration-utils.js:254:15)
    at /Users/travisharris/code/LogicAppsUX/node_modules/.pnpm/nx@18.1.3/node_modules/nx/src/project-graph/utils/project-configuration-utils.js:209:26
    at process.processTicksAndRejections (node:internal/process/task_queues:95:5)
    at async createProjectConfigurations (/Users/travisharris/code/LogicAppsUX/node_modules/.pnpm/nx@18.1.3/node_modules/nx/src/project-graph/utils/retrieve-workspace-files.js:89:62)
    at async processFilesAndCreateAndSerializeProjectGraph (/Users/travisharris/code/LogicAppsUX/node_modules/.pnpm/nx@18.1.3/node_modules/nx/src/daemon/server/project-graph-incremental-recomputation.js:142:28)
    at async getCachedSerializedProjectGraphPromise (/Users/travisharris/code/LogicAppsUX/node_modules/.pnpm/nx@18.1.3/node_modules/nx/src/daemon/server/project-graph-incremental-recomputation.js:43:16)
    at async handleRequestProjectGraph (/Users/travisharris/code/LogicAppsUX/node_modules/.pnpm/nx@18.1.3/node_modules/nx/src/daemon/server/handle-request-project-graph.js:12:24)
    at async handleResult (/Users/travisharris/code/LogicAppsUX/node_modules/.pnpm/nx@18.1.3/node_modules/nx/src/daemon/server/server.js:110:16)
    at async handleMessage (/Users/travisharris/code/LogicAppsUX/node_modules/.pnpm/nx@18.1.3/node_modules/nx/src/daemon/server/server.js:81:9)
    at async /Users/travisharris/code/LogicAppsUX/node_modules/.pnpm/nx@18.1.3/node_modules/nx/src/daemon/server/server.js:45:9
[NX Daemon Server] - 2024-03-27T19:50:11.134Z - Done responding to the client null



More information: /Users/travisharris/code/LogicAppsUX/.nx/cache/d/daemon.log