
> @microsoft/logic-apps-designer@3.2.0 build /Users/travisharris/code/LogicAppsUX/libs/designer
> tsup && tsc --emitDeclarationOnly && node ./build-finish.js

[34mCLI[39m Building entry: src/index.ts
[34mCLI[39m Using tsconfig: tsconfig.json
[34mCLI[39m tsup v8.0.2
[34mCLI[39m Using tsup config: /Users/travisharris/code/LogicAppsUX/libs/designer/tsup.config.ts
[34mCLI[39m Target: esnext
[34mCLI[39m Cleaning output folder
[34mCJS[39m Build start
[34mESM[39m Build start
"DefaultKeyPrefix" is imported from external module "@microsoft/logic-apps-shared" but never used in "build/lib/index.js".
"DefaultKeyPrefix" is imported from external module "@microsoft/logic-apps-shared" but never used in "build/lib/index.cjs".
[32mESM[39m [1mbuild/lib/index.css [22m[32m889.45 KB[39m
[32mESM[39m [1mbuild/lib/index.js  [22m[32m3.19 MB[39m
[32mESM[39m ⚡️ Build success in 1070ms
[32mCJS[39m [1mbuild/lib/index.css [22m[32m889.45 KB[39m
[32mCJS[39m [1mbuild/lib/index.cjs [22m[32m3.23 MB[39m
[32mCJS[39m ⚡️ Build success in 1074ms
(node:13347) ExperimentalWarning: Import assertions are not a stable feature of the JavaScript language. Avoid relying on their current behavior and syntax as those might change in a future version of Node.js.
(Use `node --trace-warnings ...` to show where the warning was created)
(node:13347) ExperimentalWarning: Importing JSON modules is an experimental feature and might change at any time
